2024-08-03 13:15:30 INFO  Server socket listen at http://localhost:80
2024-08-03 13:15:31 INFO  Connection established with /0:0:0:0:0:0:0:1
2024-08-03 13:15:31 INFO  HTTP GET Request at /
2024-08-03 13:15:31 INFO  Thread#36	[/0:0:0:0:0:0:0:1] / 200 OK
2024-08-03 13:15:31 INFO  Response Time: 0.08 secs
2024-08-03 13:15:31 INFO  Connection close /0:0:0:0:0:0:0:1
2024-08-03 13:15:31 INFO  Connection established with /0:0:0:0:0:0:0:1
2024-08-03 13:15:31 INFO  HTTP GET Request at /favicon.ico
2024-08-03 13:15:31 INFO  Thread#37	[/0:0:0:0:0:0:0:1] ./favicon.ico 404 Not Found
2024-08-03 13:15:31 INFO  Response Time: 0.001 secs
2024-08-03 13:15:31 INFO  Connection close /0:0:0:0:0:0:0:1
2024-08-03 13:15:33 INFO  Connection established with /0:0:0:0:0:0:0:1
2024-08-03 13:15:33 INFO  HTTP GET Request at /target
2024-08-03 13:15:33 INFO  Thread#38	[/0:0:0:0:0:0:0:1] /target 200 OK
2024-08-03 13:15:33 INFO  Response Time: 0.002 secs
2024-08-03 13:15:33 INFO  Connection close /0:0:0:0:0:0:0:1
2024-08-03 13:15:35 INFO  Connection established with /0:0:0:0:0:0:0:1
2024-08-03 13:15:35 INFO  HTTP GET Request at /target
2024-08-03 13:15:35 INFO  Thread#39	[/0:0:0:0:0:0:0:1] /target 200 OK
2024-08-03 13:15:35 INFO  Response Time: 0.003 secs
2024-08-03 13:15:35 INFO  Connection close /0:0:0:0:0:0:0:1
2024-08-03 13:15:35 INFO  Connection established with /0:0:0:0:0:0:0:1
2024-08-03 13:15:35 INFO  HTTP GET Request at /target
2024-08-03 13:15:35 INFO  Thread#40	[/0:0:0:0:0:0:0:1] /target 200 OK
2024-08-03 13:15:35 INFO  Response Time: 0.005 secs
2024-08-03 13:15:35 INFO  Connection close /0:0:0:0:0:0:0:1
2024-08-03 13:15:36 INFO  Connection established with /0:0:0:0:0:0:0:1
2024-08-03 13:15:36 INFO  HTTP GET Request at /target
2024-08-03 13:15:36 INFO  Thread#41	[/0:0:0:0:0:0:0:1] /target 200 OK
2024-08-03 13:15:36 INFO  Response Time: 0.004 secs
2024-08-03 13:15:36 INFO  Connection close /0:0:0:0:0:0:0:1
2024-08-03 13:15:36 INFO  Connection established with /0:0:0:0:0:0:0:1
2024-08-03 13:15:36 INFO  HTTP GET Request at /target
2024-08-03 13:15:36 INFO  Thread#42	[/0:0:0:0:0:0:0:1] /target 200 OK
2024-08-03 13:15:36 INFO  Response Time: 0.001 secs
2024-08-03 13:15:36 INFO  Connection close /0:0:0:0:0:0:0:1
2024-08-03 13:15:36 INFO  Connection established with /0:0:0:0:0:0:0:1
2024-08-03 13:15:36 INFO  HTTP GET Request at /target
2024-08-03 13:15:36 INFO  Thread#43	[/0:0:0:0:0:0:0:1] /target 200 OK
2024-08-03 13:15:36 INFO  Response Time: 0.0 secs
2024-08-03 13:15:36 INFO  Connection close /0:0:0:0:0:0:0:1
2024-08-03 13:15:36 INFO  Connection established with /0:0:0:0:0:0:0:1
2024-08-03 13:15:36 INFO  HTTP GET Request at /target
2024-08-03 13:15:36 INFO  Thread#44	[/0:0:0:0:0:0:0:1] /target 200 OK
2024-08-03 13:15:36 INFO  Response Time: 0.0 secs
2024-08-03 13:15:36 INFO  Connection close /0:0:0:0:0:0:0:1
2024-08-03 13:15:36 INFO  Connection established with /0:0:0:0:0:0:0:1
2024-08-03 13:15:36 INFO  HTTP GET Request at /target
2024-08-03 13:15:36 INFO  Thread#45	[/0:0:0:0:0:0:0:1] /target 200 OK
2024-08-03 13:15:36 INFO  Response Time: 0.0 secs
2024-08-03 13:15:36 INFO  Connection close /0:0:0:0:0:0:0:1
2024-08-03 13:15:37 INFO  Connection established with /0:0:0:0:0:0:0:1
2024-08-03 13:15:37 INFO  HTTP GET Request at /target
2024-08-03 13:15:37 INFO  Thread#36	[/0:0:0:0:0:0:0:1] /target 200 OK
2024-08-03 13:15:37 INFO  Response Time: 0.0 secs
2024-08-03 13:15:37 INFO  Connection close /0:0:0:0:0:0:0:1
2024-08-03 13:15:37 INFO  Connection established with /0:0:0:0:0:0:0:1
2024-08-03 13:15:37 INFO  HTTP GET Request at /target
2024-08-03 13:15:37 INFO  Thread#37	[/0:0:0:0:0:0:0:1] /target 200 OK
2024-08-03 13:15:37 INFO  Response Time: 0.002 secs
2024-08-03 13:15:37 INFO  Connection close /0:0:0:0:0:0:0:1
2024-08-03 13:15:37 INFO  Connection established with /0:0:0:0:0:0:0:1
2024-08-03 13:15:37 INFO  HTTP GET Request at /target
2024-08-03 13:15:37 INFO  Thread#38	[/0:0:0:0:0:0:0:1] /target 200 OK
2024-08-03 13:15:37 INFO  Response Time: 0.001 secs
2024-08-03 13:15:37 INFO  Connection close /0:0:0:0:0:0:0:1
2024-08-03 13:15:37 INFO  Connection established with /0:0:0:0:0:0:0:1
2024-08-03 13:15:37 INFO  HTTP GET Request at /target
2024-08-03 13:15:37 INFO  Thread#39	[/0:0:0:0:0:0:0:1] /target 200 OK
2024-08-03 13:15:37 INFO  Response Time: 0.001 secs
2024-08-03 13:15:37 INFO  Connection close /0:0:0:0:0:0:0:1
2024-08-03 13:15:37 INFO  Connection established with /0:0:0:0:0:0:0:1
2024-08-03 13:15:37 INFO  HTTP GET Request at /target
2024-08-03 13:15:37 INFO  Thread#40	[/0:0:0:0:0:0:0:1] /target 200 OK
2024-08-03 13:15:37 INFO  Response Time: 0.002 secs
2024-08-03 13:15:37 INFO  Connection close /0:0:0:0:0:0:0:1
2024-08-03 13:15:38 INFO  Connection established with /0:0:0:0:0:0:0:1
2024-08-03 13:15:38 INFO  HTTP GET Request at /target
2024-08-03 13:15:38 INFO  Thread#41	[/0:0:0:0:0:0:0:1] /target 200 OK
2024-08-03 13:15:38 INFO  Response Time: 0.002 secs
2024-08-03 13:15:38 INFO  Connection close /0:0:0:0:0:0:0:1
2024-08-03 13:15:38 INFO  Connection established with /0:0:0:0:0:0:0:1
2024-08-03 13:15:38 INFO  HTTP GET Request at /target
2024-08-03 13:15:38 INFO  Thread#42	[/0:0:0:0:0:0:0:1] /target 200 OK
2024-08-03 13:15:38 INFO  Response Time: 0.001 secs
2024-08-03 13:15:38 INFO  Connection close /0:0:0:0:0:0:0:1
2024-08-03 13:15:38 INFO  Connection established with /0:0:0:0:0:0:0:1
2024-08-03 13:15:38 INFO  HTTP GET Request at /target
2024-08-03 13:15:38 INFO  Thread#43	[/0:0:0:0:0:0:0:1] /target 200 OK
2024-08-03 13:15:38 INFO  Response Time: 0.004 secs
2024-08-03 13:15:38 INFO  Connection close /0:0:0:0:0:0:0:1
2024-08-03 13:15:38 INFO  Connection established with /0:0:0:0:0:0:0:1
2024-08-03 13:15:38 INFO  HTTP GET Request at /target
2024-08-03 13:15:38 INFO  Thread#44	[/0:0:0:0:0:0:0:1] /target 200 OK
2024-08-03 13:15:38 INFO  Response Time: 0.0 secs
2024-08-03 13:15:38 INFO  Connection close /0:0:0:0:0:0:0:1
2024-08-03 13:15:38 INFO  Connection established with /0:0:0:0:0:0:0:1
2024-08-03 13:15:38 INFO  HTTP GET Request at /target
2024-08-03 13:15:38 INFO  Thread#45	[/0:0:0:0:0:0:0:1] /target 200 OK
2024-08-03 13:15:38 INFO  Response Time: 0.0 secs
2024-08-03 13:15:38 INFO  Connection close /0:0:0:0:0:0:0:1
2024-08-03 13:15:38 INFO  Connection established with /0:0:0:0:0:0:0:1
2024-08-03 13:15:38 INFO  HTTP GET Request at /target
2024-08-03 13:15:38 INFO  Thread#36	[/0:0:0:0:0:0:0:1] /target 200 OK
2024-08-03 13:15:38 INFO  Response Time: 0.002 secs
2024-08-03 13:15:38 INFO  Connection close /0:0:0:0:0:0:0:1
2024-08-03 13:15:39 INFO  Connection established with /0:0:0:0:0:0:0:1
2024-08-03 13:15:39 INFO  HTTP GET Request at /target
2024-08-03 13:15:39 INFO  Thread#37	[/0:0:0:0:0:0:0:1] /target 200 OK
2024-08-03 13:15:39 INFO  Response Time: 0.004 secs
2024-08-03 13:15:39 INFO  Connection close /0:0:0:0:0:0:0:1
2024-08-03 13:15:39 INFO  Connection established with /0:0:0:0:0:0:0:1
2024-08-03 13:15:39 INFO  HTTP GET Request at /target
2024-08-03 13:15:39 INFO  Thread#38	[/0:0:0:0:0:0:0:1] /target 200 OK
2024-08-03 13:15:39 INFO  Response Time: 0.002 secs
2024-08-03 13:15:39 INFO  Connection close /0:0:0:0:0:0:0:1
2024-08-03 13:15:39 INFO  Connection established with /0:0:0:0:0:0:0:1
2024-08-03 13:15:39 INFO  HTTP GET Request at /target
2024-08-03 13:15:39 INFO  Thread#39	[/0:0:0:0:0:0:0:1] /target 200 OK
2024-08-03 13:15:39 INFO  Response Time: 0.003 secs
2024-08-03 13:15:39 INFO  Connection close /0:0:0:0:0:0:0:1
2024-08-03 13:15:39 INFO  Connection established with /0:0:0:0:0:0:0:1
2024-08-03 13:15:39 INFO  HTTP GET Request at /target
2024-08-03 13:15:39 INFO  Thread#40	[/0:0:0:0:0:0:0:1] /target 200 OK
2024-08-03 13:15:39 INFO  Response Time: 0.002 secs
2024-08-03 13:15:39 INFO  Connection close /0:0:0:0:0:0:0:1
2024-08-03 13:15:39 INFO  Connection established with /0:0:0:0:0:0:0:1
2024-08-03 13:15:39 INFO  HTTP GET Request at /target
2024-08-03 13:15:39 INFO  Thread#41	[/0:0:0:0:0:0:0:1] /target 200 OK
2024-08-03 13:15:39 INFO  Response Time: 0.002 secs
2024-08-03 13:15:39 INFO  Connection close /0:0:0:0:0:0:0:1
2024-08-03 13:15:39 INFO  Connection established with /0:0:0:0:0:0:0:1
2024-08-03 13:15:39 INFO  HTTP GET Request at /target
2024-08-03 13:15:39 INFO  Thread#42	[/0:0:0:0:0:0:0:1] /target 200 OK
2024-08-03 13:15:39 INFO  Response Time: 0.003 secs
2024-08-03 13:15:39 INFO  Connection close /0:0:0:0:0:0:0:1
2024-08-03 13:15:39 INFO  Connection established with /0:0:0:0:0:0:0:1
2024-08-03 13:15:39 INFO  HTTP GET Request at /target
2024-08-03 13:15:39 INFO  Thread#43	[/0:0:0:0:0:0:0:1] /target 200 OK
2024-08-03 13:15:39 INFO  Response Time: 0.0 secs
2024-08-03 13:15:39 INFO  Connection close /0:0:0:0:0:0:0:1
2024-08-03 13:15:40 INFO  Connection established with /0:0:0:0:0:0:0:1
2024-08-03 13:15:40 INFO  HTTP GET Request at /target
2024-08-03 13:15:40 INFO  Thread#44	[/0:0:0:0:0:0:0:1] /target 200 OK
2024-08-03 13:15:40 INFO  Response Time: 0.004 secs
2024-08-03 13:15:40 INFO  Connection close /0:0:0:0:0:0:0:1
2024-08-03 13:15:40 INFO  Connection established with /0:0:0:0:0:0:0:1
2024-08-03 13:15:40 INFO  HTTP GET Request at /target
2024-08-03 13:15:40 INFO  Thread#45	[/0:0:0:0:0:0:0:1] /target 200 OK
2024-08-03 13:15:40 INFO  Response Time: 0.003 secs
2024-08-03 13:15:40 INFO  Connection close /0:0:0:0:0:0:0:1
2024-08-03 13:15:40 INFO  Connection established with /0:0:0:0:0:0:0:1
2024-08-03 13:15:40 INFO  HTTP GET Request at /target
2024-08-03 13:15:40 INFO  Thread#36	[/0:0:0:0:0:0:0:1] /target 200 OK
2024-08-03 13:15:40 INFO  Response Time: 0.004 secs
2024-08-03 13:15:40 INFO  Connection close /0:0:0:0:0:0:0:1
2024-08-03 13:15:40 INFO  Connection established with /0:0:0:0:0:0:0:1
2024-08-03 13:15:40 INFO  HTTP GET Request at /target
2024-08-03 13:15:40 INFO  Thread#37	[/0:0:0:0:0:0:0:1] /target 200 OK
2024-08-03 13:15:40 INFO  Response Time: 0.002 secs
2024-08-03 13:15:40 INFO  Connection close /0:0:0:0:0:0:0:1
2024-08-03 13:15:40 INFO  Connection established with /0:0:0:0:0:0:0:1
2024-08-03 13:15:40 INFO  HTTP GET Request at /target
2024-08-03 13:15:40 INFO  Thread#38	[/0:0:0:0:0:0:0:1] /target 200 OK
2024-08-03 13:15:40 INFO  Response Time: 0.003 secs
2024-08-03 13:15:40 INFO  Connection close /0:0:0:0:0:0:0:1
2024-08-03 13:15:40 INFO  Connection established with /0:0:0:0:0:0:0:1
2024-08-03 13:15:40 INFO  HTTP GET Request at /target
2024-08-03 13:15:40 INFO  Thread#39	[/0:0:0:0:0:0:0:1] /target 200 OK
2024-08-03 13:15:40 INFO  Response Time: 0.002 secs
2024-08-03 13:15:40 INFO  Connection close /0:0:0:0:0:0:0:1
2024-08-03 13:15:41 INFO  Connection established with /0:0:0:0:0:0:0:1
2024-08-03 13:15:41 INFO  HTTP GET Request at /target
2024-08-03 13:15:41 INFO  Thread#40	[/0:0:0:0:0:0:0:1] /target 200 OK
2024-08-03 13:15:41 INFO  Response Time: 0.002 secs
2024-08-03 13:15:41 INFO  Connection close /0:0:0:0:0:0:0:1
2024-08-03 13:15:41 INFO  Connection established with /0:0:0:0:0:0:0:1
2024-08-03 13:15:41 INFO  HTTP GET Request at /target
2024-08-03 13:15:41 INFO  Thread#41	[/0:0:0:0:0:0:0:1] /target 200 OK
2024-08-03 13:15:41 INFO  Response Time: 0.0 secs
2024-08-03 13:15:41 INFO  Connection close /0:0:0:0:0:0:0:1
2024-08-03 13:15:41 INFO  Connection established with /0:0:0:0:0:0:0:1
2024-08-03 13:15:41 INFO  HTTP GET Request at /target
2024-08-03 13:15:41 INFO  Thread#42	[/0:0:0:0:0:0:0:1] /target 200 OK
2024-08-03 13:15:41 INFO  Response Time: 0.0 secs
2024-08-03 13:15:41 INFO  Connection close /0:0:0:0:0:0:0:1
2024-08-03 13:15:41 INFO  Connection established with /0:0:0:0:0:0:0:1
2024-08-03 13:15:41 INFO  HTTP GET Request at /target
2024-08-03 13:15:41 INFO  Thread#43	[/0:0:0:0:0:0:0:1] /target 200 OK
2024-08-03 13:15:41 INFO  Response Time: 0.0 secs
2024-08-03 13:15:41 INFO  Connection close /0:0:0:0:0:0:0:1
2024-08-03 13:15:41 INFO  Connection established with /0:0:0:0:0:0:0:1
2024-08-03 13:15:41 INFO  HTTP GET Request at /target
2024-08-03 13:15:41 INFO  Thread#44	[/0:0:0:0:0:0:0:1] /target 200 OK
2024-08-03 13:15:41 INFO  Response Time: 0.0 secs
2024-08-03 13:15:41 INFO  Connection close /0:0:0:0:0:0:0:1
2024-08-03 13:15:41 INFO  Connection established with /0:0:0:0:0:0:0:1
2024-08-03 13:15:41 INFO  HTTP GET Request at /target
2024-08-03 13:15:41 INFO  Thread#45	[/0:0:0:0:0:0:0:1] /target 200 OK
2024-08-03 13:15:41 INFO  Response Time: 0.003 secs
2024-08-03 13:15:41 INFO  Connection close /0:0:0:0:0:0:0:1
2024-08-03 13:15:42 INFO  Connection established with /0:0:0:0:0:0:0:1
2024-08-03 13:15:42 INFO  HTTP GET Request at /target
2024-08-03 13:15:42 INFO  Thread#36	[/0:0:0:0:0:0:0:1] /target 200 OK
2024-08-03 13:15:42 INFO  Response Time: 0.001 secs
2024-08-03 13:15:42 INFO  Connection close /0:0:0:0:0:0:0:1
2024-08-03 13:15:42 INFO  Connection established with /0:0:0:0:0:0:0:1
2024-08-03 13:15:42 INFO  HTTP GET Request at /target
2024-08-03 13:15:42 INFO  Thread#37	[/0:0:0:0:0:0:0:1] /target 200 OK
2024-08-03 13:15:42 INFO  Response Time: 0.001 secs
2024-08-03 13:15:42 INFO  Connection close /0:0:0:0:0:0:0:1
2024-08-03 13:15:42 INFO  Connection established with /0:0:0:0:0:0:0:1
2024-08-03 13:15:42 INFO  HTTP GET Request at /target
2024-08-03 13:15:42 INFO  Thread#38	[/0:0:0:0:0:0:0:1] /target 200 OK
2024-08-03 13:15:42 INFO  Response Time: 0.005 secs
2024-08-03 13:15:42 INFO  Connection close /0:0:0:0:0:0:0:1
2024-08-03 13:15:42 INFO  Connection established with /0:0:0:0:0:0:0:1
2024-08-03 13:15:42 INFO  HTTP GET Request at /target
2024-08-03 13:15:42 INFO  Thread#39	[/0:0:0:0:0:0:0:1] /target 200 OK
2024-08-03 13:15:42 INFO  Response Time: 0.002 secs
2024-08-03 13:15:42 INFO  Connection close /0:0:0:0:0:0:0:1
2024-08-03 13:15:42 INFO  Connection established with /0:0:0:0:0:0:0:1
2024-08-03 13:15:42 INFO  HTTP GET Request at /target
2024-08-03 13:15:42 INFO  Thread#40	[/0:0:0:0:0:0:0:1] /target 200 OK
2024-08-03 13:15:42 INFO  Response Time: 0.003 secs
2024-08-03 13:15:42 INFO  Connection close /0:0:0:0:0:0:0:1
2024-08-03 13:15:42 INFO  Connection established with /0:0:0:0:0:0:0:1
2024-08-03 13:15:42 INFO  HTTP GET Request at /target
2024-08-03 13:15:42 INFO  Thread#41	[/0:0:0:0:0:0:0:1] /target 200 OK
2024-08-03 13:15:42 INFO  Response Time: 0.001 secs
2024-08-03 13:15:42 INFO  Connection close /0:0:0:0:0:0:0:1
2024-08-03 13:15:43 INFO  Connection established with /0:0:0:0:0:0:0:1
2024-08-03 13:15:43 INFO  HTTP GET Request at /target
2024-08-03 13:15:43 INFO  Thread#42	[/0:0:0:0:0:0:0:1] /target 200 OK
2024-08-03 13:15:43 INFO  Response Time: 0.004 secs
2024-08-03 13:15:43 INFO  Connection close /0:0:0:0:0:0:0:1
2024-08-03 13:15:43 INFO  Connection established with /0:0:0:0:0:0:0:1
2024-08-03 13:15:43 INFO  HTTP GET Request at /target
2024-08-03 13:15:43 INFO  Thread#43	[/0:0:0:0:0:0:0:1] /target 200 OK
2024-08-03 13:15:43 INFO  Response Time: 0.0 secs
2024-08-03 13:15:43 INFO  Connection close /0:0:0:0:0:0:0:1
2024-08-03 13:15:43 INFO  Connection established with /0:0:0:0:0:0:0:1
2024-08-03 13:15:43 INFO  HTTP GET Request at /target
2024-08-03 13:15:43 INFO  Thread#44	[/0:0:0:0:0:0:0:1] /target 200 OK
2024-08-03 13:15:43 INFO  Response Time: 0.004 secs
2024-08-03 13:15:43 INFO  Connection close /0:0:0:0:0:0:0:1
2024-08-03 13:15:43 INFO  Connection established with /0:0:0:0:0:0:0:1
2024-08-03 13:15:43 INFO  HTTP GET Request at /target
2024-08-03 13:15:43 INFO  Thread#45	[/0:0:0:0:0:0:0:1] /target 200 OK
2024-08-03 13:15:43 INFO  Response Time: 0.0 secs
2024-08-03 13:15:43 INFO  Connection close /0:0:0:0:0:0:0:1
2024-08-03 13:15:43 INFO  Connection established with /0:0:0:0:0:0:0:1
2024-08-03 13:15:43 INFO  HTTP GET Request at /target
2024-08-03 13:15:43 INFO  Thread#36	[/0:0:0:0:0:0:0:1] /target 200 OK
2024-08-03 13:15:43 INFO  Response Time: 0.0 secs
2024-08-03 13:15:43 INFO  Connection close /0:0:0:0:0:0:0:1
2024-08-03 13:15:43 INFO  Connection established with /0:0:0:0:0:0:0:1
2024-08-03 13:15:43 INFO  HTTP GET Request at /target
2024-08-03 13:15:43 INFO  Thread#37	[/0:0:0:0:0:0:0:1] /target 200 OK
2024-08-03 13:15:43 INFO  Response Time: 0.0 secs
2024-08-03 13:15:43 INFO  Connection close /0:0:0:0:0:0:0:1
2024-08-03 13:15:43 INFO  Connection established with /0:0:0:0:0:0:0:1
2024-08-03 13:15:43 INFO  HTTP GET Request at /target
2024-08-03 13:15:43 INFO  Thread#38	[/0:0:0:0:0:0:0:1] /target 200 OK
2024-08-03 13:15:43 INFO  Response Time: 0.002 secs
2024-08-03 13:15:43 INFO  Connection close /0:0:0:0:0:0:0:1
2024-08-03 13:15:44 INFO  Connection established with /0:0:0:0:0:0:0:1
2024-08-03 13:15:44 INFO  HTTP GET Request at /target
2024-08-03 13:15:44 INFO  Thread#39	[/0:0:0:0:0:0:0:1] /target 200 OK
2024-08-03 13:15:44 INFO  Response Time: 0.003 secs
2024-08-03 13:15:44 INFO  Connection close /0:0:0:0:0:0:0:1
2024-08-03 13:15:44 INFO  Connection established with /0:0:0:0:0:0:0:1
2024-08-03 13:15:44 INFO  HTTP GET Request at /target
2024-08-03 13:15:44 INFO  Thread#40	[/0:0:0:0:0:0:0:1] /target 200 OK
2024-08-03 13:15:44 INFO  Response Time: 0.001 secs
2024-08-03 13:15:44 INFO  Connection close /0:0:0:0:0:0:0:1
2024-08-03 13:15:44 INFO  Connection established with /0:0:0:0:0:0:0:1
2024-08-03 13:15:44 INFO  HTTP GET Request at /target
2024-08-03 13:15:44 INFO  Thread#41	[/0:0:0:0:0:0:0:1] /target 200 OK
2024-08-03 13:15:44 INFO  Response Time: 0.0 secs
2024-08-03 13:15:44 INFO  Connection close /0:0:0:0:0:0:0:1
2024-08-03 13:15:44 INFO  Connection established with /0:0:0:0:0:0:0:1
2024-08-03 13:15:44 INFO  HTTP GET Request at /target
2024-08-03 13:15:44 INFO  Thread#42	[/0:0:0:0:0:0:0:1] /target 200 OK
2024-08-03 13:15:44 INFO  Response Time: 0.0 secs
2024-08-03 13:15:44 INFO  Connection close /0:0:0:0:0:0:0:1
2024-08-03 13:15:44 INFO  Connection established with /0:0:0:0:0:0:0:1
2024-08-03 13:15:44 INFO  HTTP GET Request at /target
2024-08-03 13:15:44 INFO  Thread#43	[/0:0:0:0:0:0:0:1] /target 200 OK
2024-08-03 13:15:44 INFO  Response Time: 0.0 secs
2024-08-03 13:15:44 INFO  Connection close /0:0:0:0:0:0:0:1
2024-08-03 13:15:45 INFO  Connection established with /0:0:0:0:0:0:0:1
2024-08-03 13:15:45 INFO  HTTP GET Request at /target
2024-08-03 13:15:45 INFO  Thread#44	[/0:0:0:0:0:0:0:1] /target 200 OK
2024-08-03 13:15:45 INFO  Response Time: 0.0 secs
2024-08-03 13:15:45 INFO  Connection close /0:0:0:0:0:0:0:1
2024-08-03 13:15:45 INFO  Connection established with /0:0:0:0:0:0:0:1
2024-08-03 13:15:45 INFO  HTTP GET Request at /target
2024-08-03 13:15:45 INFO  Thread#45	[/0:0:0:0:0:0:0:1] /target 200 OK
2024-08-03 13:15:45 INFO  Response Time: 0.0 secs
2024-08-03 13:15:45 INFO  Connection close /0:0:0:0:0:0:0:1
2024-08-03 13:15:45 INFO  Connection established with /0:0:0:0:0:0:0:1
2024-08-03 13:15:45 INFO  HTTP GET Request at /target
2024-08-03 13:15:45 INFO  Thread#36	[/0:0:0:0:0:0:0:1] /target 200 OK
2024-08-03 13:15:45 INFO  Response Time: 0.003 secs
2024-08-03 13:15:45 INFO  Connection close /0:0:0:0:0:0:0:1
2024-08-03 13:15:45 INFO  Connection established with /0:0:0:0:0:0:0:1
2024-08-03 13:15:45 INFO  HTTP GET Request at /target
2024-08-03 13:15:45 INFO  Thread#37	[/0:0:0:0:0:0:0:1] /target 200 OK
2024-08-03 13:15:45 INFO  Response Time: 0.001 secs
2024-08-03 13:15:45 INFO  Connection close /0:0:0:0:0:0:0:1
2024-08-03 13:15:45 INFO  Connection established with /0:0:0:0:0:0:0:1
2024-08-03 13:15:45 INFO  HTTP GET Request at /target
2024-08-03 13:15:45 INFO  Thread#38	[/0:0:0:0:0:0:0:1] /target 200 OK
2024-08-03 13:15:45 INFO  Response Time: 0.005 secs
2024-08-03 13:15:45 INFO  Connection close /0:0:0:0:0:0:0:1
2024-08-03 13:15:46 INFO  Connection established with /0:0:0:0:0:0:0:1
2024-08-03 13:15:46 INFO  HTTP GET Request at /target
2024-08-03 13:15:46 INFO  Thread#39	[/0:0:0:0:0:0:0:1] /target 200 OK
2024-08-03 13:15:46 INFO  Response Time: 0.001 secs
2024-08-03 13:15:46 INFO  Connection close /0:0:0:0:0:0:0:1
2024-08-03 13:15:46 INFO  Connection established with /0:0:0:0:0:0:0:1
2024-08-03 13:15:46 INFO  HTTP GET Request at /target
2024-08-03 13:15:46 INFO  Thread#40	[/0:0:0:0:0:0:0:1] /target 200 OK
2024-08-03 13:15:46 INFO  Response Time: 0.002 secs
2024-08-03 13:15:46 INFO  Connection close /0:0:0:0:0:0:0:1
2024-08-03 13:15:46 INFO  Connection established with /0:0:0:0:0:0:0:1
2024-08-03 13:15:46 INFO  HTTP GET Request at /target
2024-08-03 13:15:46 INFO  Thread#41	[/0:0:0:0:0:0:0:1] /target 200 OK
2024-08-03 13:15:46 INFO  Response Time: 0.002 secs
2024-08-03 13:15:46 INFO  Connection close /0:0:0:0:0:0:0:1
2024-08-03 13:15:46 INFO  Connection established with /0:0:0:0:0:0:0:1
2024-08-03 13:15:46 INFO  HTTP GET Request at /target
2024-08-03 13:15:46 INFO  Thread#42	[/0:0:0:0:0:0:0:1] /target 200 OK
2024-08-03 13:15:46 INFO  Response Time: 0.0 secs
2024-08-03 13:15:46 INFO  Connection close /0:0:0:0:0:0:0:1
2024-08-03 13:15:46 INFO  Connection established with /0:0:0:0:0:0:0:1
2024-08-03 13:15:46 INFO  HTTP GET Request at /target
2024-08-03 13:15:46 INFO  Thread#43	[/0:0:0:0:0:0:0:1] /target 200 OK
2024-08-03 13:15:46 INFO  Response Time: 0.003 secs
2024-08-03 13:15:46 INFO  Connection close /0:0:0:0:0:0:0:1
2024-08-03 13:15:46 INFO  Connection established with /0:0:0:0:0:0:0:1
2024-08-03 13:15:46 INFO  HTTP GET Request at /target
2024-08-03 13:15:46 INFO  Thread#44	[/0:0:0:0:0:0:0:1] /target 200 OK
2024-08-03 13:15:46 INFO  Response Time: 0.0 secs
2024-08-03 13:15:46 INFO  Connection close /0:0:0:0:0:0:0:1
2024-08-03 13:15:47 INFO  Connection established with /0:0:0:0:0:0:0:1
2024-08-03 13:15:47 INFO  HTTP GET Request at /target
2024-08-03 13:15:47 INFO  Thread#45	[/0:0:0:0:0:0:0:1] /target 200 OK
2024-08-03 13:15:47 INFO  Response Time: 0.001 secs
2024-08-03 13:15:47 INFO  Connection close /0:0:0:0:0:0:0:1
2024-08-03 13:15:47 INFO  Connection established with /0:0:0:0:0:0:0:1
2024-08-03 13:15:47 INFO  HTTP GET Request at /target
2024-08-03 13:15:47 INFO  Thread#36	[/0:0:0:0:0:0:0:1] /target 200 OK
2024-08-03 13:15:47 INFO  Response Time: 0.0 secs
2024-08-03 13:15:47 INFO  Connection close /0:0:0:0:0:0:0:1
2024-08-03 13:15:47 INFO  Connection established with /0:0:0:0:0:0:0:1
2024-08-03 13:15:47 INFO  HTTP GET Request at /target
2024-08-03 13:15:47 INFO  Thread#37	[/0:0:0:0:0:0:0:1] /target 200 OK
2024-08-03 13:15:47 INFO  Response Time: 0.001 secs
2024-08-03 13:15:47 INFO  Connection close /0:0:0:0:0:0:0:1
2024-08-03 13:15:47 INFO  Connection established with /0:0:0:0:0:0:0:1
2024-08-03 13:15:47 INFO  HTTP GET Request at /target
2024-08-03 13:15:47 INFO  Thread#38	[/0:0:0:0:0:0:0:1] /target 200 OK
2024-08-03 13:15:47 INFO  Response Time: 0.002 secs
2024-08-03 13:15:47 INFO  Connection close /0:0:0:0:0:0:0:1
2024-08-03 13:15:47 INFO  Connection established with /0:0:0:0:0:0:0:1
2024-08-03 13:15:47 INFO  HTTP GET Request at /target
2024-08-03 13:15:47 INFO  Thread#39	[/0:0:0:0:0:0:0:1] /target 200 OK
2024-08-03 13:15:47 INFO  Response Time: 0.001 secs
2024-08-03 13:15:47 INFO  Connection close /0:0:0:0:0:0:0:1
2024-08-03 13:15:48 INFO  Connection established with /0:0:0:0:0:0:0:1
2024-08-03 13:15:48 INFO  HTTP GET Request at /target/generated-sources
2024-08-03 13:15:48 INFO  Thread#40	[/0:0:0:0:0:0:0:1] /target/generated-sources 200 OK
2024-08-03 13:15:48 INFO  Response Time: 0.0 secs
2024-08-03 13:15:48 INFO  Connection close /0:0:0:0:0:0:0:1
2024-08-03 13:15:49 INFO  Connection established with /0:0:0:0:0:0:0:1
2024-08-03 13:15:49 INFO  HTTP GET Request at /target/generated-sources/annotations
2024-08-03 13:15:49 INFO  Thread#41	[/0:0:0:0:0:0:0:1] /target/generated-sources/annotations 200 OK
2024-08-03 13:15:49 INFO  Response Time: 0.0 secs
2024-08-03 13:15:49 INFO  Connection close /0:0:0:0:0:0:0:1
2024-08-03 13:15:50 INFO  Connection established with /0:0:0:0:0:0:0:1
2024-08-03 13:15:50 INFO  HTTP GET Request at /target/generated-sources
2024-08-03 13:15:50 INFO  Thread#42	[/0:0:0:0:0:0:0:1] /target/generated-sources 200 OK
2024-08-03 13:15:50 INFO  Response Time: 0.0 secs
2024-08-03 13:15:50 INFO  Connection close /0:0:0:0:0:0:0:1
2024-08-03 13:15:51 INFO  Connection established with /0:0:0:0:0:0:0:1
2024-08-03 13:15:51 INFO  HTTP GET Request at /target
2024-08-03 13:15:51 INFO  Thread#43	[/0:0:0:0:0:0:0:1] /target 200 OK
2024-08-03 13:15:51 INFO  Response Time: 0.0 secs
2024-08-03 13:15:51 INFO  Connection close /0:0:0:0:0:0:0:1
2024-08-03 13:15:51 INFO  Connection established with /0:0:0:0:0:0:0:1
2024-08-03 13:15:51 INFO  HTTP GET Request at /
2024-08-03 13:15:51 INFO  Thread#44	[/0:0:0:0:0:0:0:1] / 200 OK
2024-08-03 13:15:51 INFO  Response Time: 0.002 secs
2024-08-03 13:15:51 INFO  Connection close /0:0:0:0:0:0:0:1
2024-08-03 13:15:53 INFO  Connection established with /0:0:0:0:0:0:0:1
2024-08-03 13:15:53 INFO  HTTP GET Request at /.vscode
2024-08-03 13:15:53 INFO  Thread#45	[/0:0:0:0:0:0:0:1] /.vscode 200 OK
2024-08-03 13:15:53 INFO  Response Time: 0.002 secs
2024-08-03 13:15:53 INFO  Connection close /0:0:0:0:0:0:0:1
2024-08-03 13:15:54 INFO  Connection established with /0:0:0:0:0:0:0:1
2024-08-03 13:15:54 INFO  HTTP GET Request at /.vscode/launch.json
2024-08-03 13:15:54 INFO  Thread#36	[/0:0:0:0:0:0:0:1] ./.vscode/launch.json 200 OK
2024-08-03 13:15:54 INFO  Response Time: 0.004 secs
2024-08-03 13:15:55 INFO  Connection close /0:0:0:0:0:0:0:1
2024-08-03 13:16:01 INFO  Connection established with /0:0:0:0:0:0:0:1
2024-08-03 13:16:01 INFO  HTTP GET Request at /src
2024-08-03 13:16:01 INFO  Thread#37	[/0:0:0:0:0:0:0:1] /src 200 OK
2024-08-03 13:16:01 INFO  Response Time: 0.004 secs
2024-08-03 13:16:01 INFO  Connection close /0:0:0:0:0:0:0:1
2024-08-03 13:16:03 INFO  Connection established with /0:0:0:0:0:0:0:1
2024-08-03 13:16:03 INFO  HTTP GET Request at /src/main
2024-08-03 13:16:03 INFO  Thread#38	[/0:0:0:0:0:0:0:1] /src/main 200 OK
2024-08-03 13:16:03 INFO  Response Time: 0.001 secs
2024-08-03 13:16:03 INFO  Connection close /0:0:0:0:0:0:0:1
2024-08-03 13:16:03 INFO  Connection established with /0:0:0:0:0:0:0:1
2024-08-03 13:16:03 INFO  HTTP GET Request at /src/main/java
2024-08-03 13:16:03 INFO  Thread#39	[/0:0:0:0:0:0:0:1] /src/main/java 200 OK
2024-08-03 13:16:03 INFO  Response Time: 0.004 secs
2024-08-03 13:16:03 INFO  Connection close /0:0:0:0:0:0:0:1
2024-08-03 13:16:04 INFO  Connection established with /0:0:0:0:0:0:0:1
2024-08-03 13:16:04 INFO  HTTP GET Request at /src/main/java/com
2024-08-03 13:16:04 INFO  Thread#40	[/0:0:0:0:0:0:0:1] /src/main/java/com 200 OK
2024-08-03 13:16:04 INFO  Response Time: 0.0 secs
2024-08-03 13:16:04 INFO  Connection close /0:0:0:0:0:0:0:1
2024-08-03 13:16:05 INFO  Connection established with /0:0:0:0:0:0:0:1
2024-08-03 13:16:05 INFO  HTTP GET Request at /src/main/java/com/flowerfulfort
2024-08-03 13:16:05 INFO  Thread#41	[/0:0:0:0:0:0:0:1] /src/main/java/com/flowerfulfort 200 OK
2024-08-03 13:16:05 INFO  Response Time: 0.003 secs
2024-08-03 13:16:05 INFO  Connection close /0:0:0:0:0:0:0:1
2024-08-03 13:16:05 INFO  Connection established with /0:0:0:0:0:0:0:1
2024-08-03 13:16:05 INFO  HTTP GET Request at /src/main/java/com/flowerfulfort/httpd
2024-08-03 13:16:05 INFO  Thread#42	[/0:0:0:0:0:0:0:1] /src/main/java/com/flowerfulfort/httpd 200 OK
2024-08-03 13:16:05 INFO  Response Time: 0.003 secs
2024-08-03 13:16:05 INFO  Connection close /0:0:0:0:0:0:0:1
2024-08-03 13:16:15 INFO  Connection established with /0:0:0:0:0:0:0:1
2024-08-03 13:16:15 INFO  HTTP GET Request at /pom.xml
2024-08-03 13:16:15 INFO  Thread#43	[/0:0:0:0:0:0:0:1] ./pom.xml 200 OK
2024-08-03 13:16:15 INFO  Response Time: 0.002 secs
2024-08-03 13:16:15 INFO  Connection close /0:0:0:0:0:0:0:1
2024-08-03 13:16:19 INFO  Connection established with /0:0:0:0:0:0:0:1
2024-08-03 13:16:19 INFO  HTTP GET Request at /src
2024-08-03 13:16:19 INFO  Thread#44	[/0:0:0:0:0:0:0:1] /src 200 OK
2024-08-03 13:16:19 INFO  Response Time: 0.0 secs
2024-08-03 13:16:19 INFO  Connection close /0:0:0:0:0:0:0:1
2024-08-03 13:16:21 INFO  Connection established with /0:0:0:0:0:0:0:1
2024-08-03 13:16:21 INFO  HTTP GET Request at /src/test
2024-08-03 13:16:21 INFO  Thread#45	[/0:0:0:0:0:0:0:1] /src/test 200 OK
2024-08-03 13:16:21 INFO  Response Time: 0.0 secs
2024-08-03 13:16:21 INFO  Connection close /0:0:0:0:0:0:0:1
2024-08-03 13:16:21 INFO  Connection established with /0:0:0:0:0:0:0:1
2024-08-03 13:16:21 INFO  HTTP GET Request at /src/test/java
2024-08-03 13:16:21 INFO  Thread#36	[/0:0:0:0:0:0:0:1] /src/test/java 200 OK
2024-08-03 13:16:21 INFO  Response Time: 0.002 secs
2024-08-03 13:16:21 INFO  Connection close /0:0:0:0:0:0:0:1
2024-08-03 13:16:23 INFO  Connection established with /0:0:0:0:0:0:0:1
2024-08-03 13:16:23 INFO  HTTP GET Request at /src/test
2024-08-03 13:16:23 INFO  Thread#37	[/0:0:0:0:0:0:0:1] /src/test 200 OK
2024-08-03 13:16:23 INFO  Response Time: 0.004 secs
2024-08-03 13:16:23 INFO  Connection close /0:0:0:0:0:0:0:1
2024-08-03 13:16:24 INFO  Connection established with /0:0:0:0:0:0:0:1
2024-08-03 13:16:24 INFO  HTTP GET Request at /src
2024-08-03 13:16:24 INFO  Thread#38	[/0:0:0:0:0:0:0:1] /src 200 OK
2024-08-03 13:16:24 INFO  Response Time: 0.004 secs
2024-08-03 13:16:24 INFO  Connection close /0:0:0:0:0:0:0:1
2024-08-03 13:16:25 INFO  Connection established with /0:0:0:0:0:0:0:1
2024-08-03 13:16:25 INFO  HTTP GET Request at /src/main
2024-08-03 13:16:25 INFO  Thread#39	[/0:0:0:0:0:0:0:1] /src/main 200 OK
2024-08-03 13:16:25 INFO  Response Time: 0.002 secs
2024-08-03 13:16:25 INFO  Connection close /0:0:0:0:0:0:0:1
2024-08-03 13:16:26 INFO  Connection established with /0:0:0:0:0:0:0:1
2024-08-03 13:16:26 INFO  HTTP GET Request at /src/main/resources
2024-08-03 13:16:26 INFO  Thread#40	[/0:0:0:0:0:0:0:1] /src/main/resources 200 OK
2024-08-03 13:16:26 INFO  Response Time: 0.003 secs
2024-08-03 13:16:26 INFO  Connection close /0:0:0:0:0:0:0:1
2024-08-03 13:16:27 INFO  Connection established with /0:0:0:0:0:0:0:1
2024-08-03 13:16:27 INFO  HTTP GET Request at /src/main/resources/log4j2.xml
2024-08-03 13:16:27 INFO  Thread#41	[/0:0:0:0:0:0:0:1] ./src/main/resources/log4j2.xml 200 OK
2024-08-03 13:16:27 INFO  Response Time: 0.004 secs
2024-08-03 13:16:27 INFO  Connection close /0:0:0:0:0:0:0:1
2024-08-03 13:16:30 INFO  Connection established with /0:0:0:0:0:0:0:1
2024-08-03 13:16:30 INFO  HTTP GET Request at /src/main/resources/template.html
2024-08-03 13:16:30 INFO  Thread#42	[/0:0:0:0:0:0:0:1] ./src/main/resources/template.html 200 OK
2024-08-03 13:16:30 INFO  Response Time: 0.002 secs
2024-08-03 13:16:30 INFO  Connection close /0:0:0:0:0:0:0:1
2024-08-03 13:16:36 INFO  Connection established with /0:0:0:0:0:0:0:1
2024-08-03 13:16:36 INFO  HTTP GET Request at /src/test
2024-08-03 13:16:36 INFO  Thread#43	[/0:0:0:0:0:0:0:1] /src/test 200 OK
2024-08-03 13:16:36 INFO  Response Time: 0.0 secs
2024-08-03 13:16:36 INFO  Connection close /0:0:0:0:0:0:0:1
2024-08-03 13:16:36 INFO  Connection established with /0:0:0:0:0:0:0:1
2024-08-03 13:16:36 INFO  HTTP GET Request at /src
2024-08-03 13:16:36 INFO  Thread#44	[/0:0:0:0:0:0:0:1] /src 200 OK
2024-08-03 13:16:36 INFO  Response Time: 0.0 secs
2024-08-03 13:16:36 INFO  Connection close /0:0:0:0:0:0:0:1
2024-08-03 13:16:37 INFO  Connection established with /0:0:0:0:0:0:0:1
2024-08-03 13:16:37 INFO  HTTP GET Request at /
2024-08-03 13:16:37 INFO  Thread#45	[/0:0:0:0:0:0:0:1] / 200 OK
2024-08-03 13:16:37 INFO  Response Time: 0.005 secs
2024-08-03 13:16:37 INFO  Connection close /0:0:0:0:0:0:0:1
